********************************************************************************
*                             Initializing Cubiquity                           *
********************************************************************************
[16:33:10, Info   ]: Creating empty voxel database as 'C:/Users/S/Documents/GitHub/UnityRobotLearning/Assets/StreamingAssets/Cubiquity/VoxelDatabases/779AE9D4.vdb'
[16:34:55, Info   ]: Creating empty voxel database as 'C:/Users/S/Documents/GitHub/UnityRobotLearning/Assets/StreamingAssets/Cubiquity/VoxelDatabases/46B80773.vdb'
[16:36:07, Info   ]: Resizing compressed data buffer to 288486bytes. This should only happen once
[16:36:09, Info   ]: Resizing compressed data buffer to 144307bytes. This should only happen once
[16:36:17, Info   ]: Creating empty voxel database as 'C:/Users/S/Documents/GitHub/UnityRobotLearning/Assets/StreamingAssets/Cubiquity/VoxelDatabases/431A7E24.vdb'
[16:43:18, Info   ]: Resizing compressed data buffer to 144307bytes. This should only happen once
[16:43:43, Info   ]: Creating empty voxel database as 'C:/Users/S/Documents/GitHub/UnityRobotLearning/Assets/StreamingAssets/Cubiquity/VoxelDatabases/7C8FAAF4.vdb'
[16:49:48, Info   ]: Resizing compressed data buffer to 144307bytes. This should only happen once
[16:49:50, Info   ]: Creating voxel database from 'C:/Users/S/Documents/GitHub/UnityRobotLearning/Assets/StreamingAssets/Cubiquity/VoxelDatabases/7C8FAAF4.vdb'
[16:52:13, Info   ]: Creating voxel database from 'C:/Users/S/Documents/GitHub/UnityRobotLearning/Assets/StreamingAssets/Cubiquity/VoxelDatabases/7C8FAAF4.vdb'
[16:52:20, Info   ]: Creating voxel database from 'C:/Users/S/Documents/GitHub/UnityRobotLearning/Assets/StreamingAssets/Cubiquity/VoxelDatabases/7C8FAAF4.vdb'
[16:52:38, Info   ]: Creating voxel database from 'C:/Users/S/Documents/GitHub/UnityRobotLearning/Assets/StreamingAssets/Cubiquity/VoxelDatabases/7C8FAAF4.vdb'
[16:52:53, Info   ]: Creating voxel database from 'C:/Users/S/Documents/GitHub/UnityRobotLearning/Assets/StreamingAssets/Cubiquity/VoxelDatabases/7C8FAAF4.vdb'
[16:53:08, Info   ]: Creating voxel database from 'C:/Users/S/Documents/GitHub/UnityRobotLearning/Assets/StreamingAssets/Cubiquity/VoxelDatabases/7C8FAAF4.vdb'
[16:53:40, Info   ]: Creating voxel database from 'C:/Users/S/Documents/GitHub/UnityRobotLearning/Assets/StreamingAssets/Cubiquity/VoxelDatabases/7C8FAAF4.vdb'
[16:56:55, Info   ]: Creating voxel database from 'C:/Users/S/Documents/GitHub/UnityRobotLearning/Assets/StreamingAssets/Cubiquity/VoxelDatabases/7C8FAAF4.vdb'
[16:57:06, Info   ]: Creating voxel database from 'C:/Users/S/Documents/GitHub/UnityRobotLearning/Assets/StreamingAssets/Cubiquity/VoxelDatabases/7C8FAAF4.vdb'
[16:57:15, Info   ]: Creating voxel database from 'C:/Users/S/Documents/GitHub/UnityRobotLearning/Assets/StreamingAssets/Cubiquity/VoxelDatabases/7C8FAAF4.vdb'
[17:00:08, Info   ]: Creating voxel database from 'C:/Users/S/Documents/GitHub/UnityRobotLearning/Assets/StreamingAssets/Cubiquity/VoxelDatabases/7C8FAAF4.vdb'
[17:00:15, Info   ]: Creating voxel database from 'C:/Users/S/Documents/GitHub/UnityRobotLearning/Assets/StreamingAssets/Cubiquity/VoxelDatabases/7C8FAAF4.vdb'
[17:01:18, Info   ]: Creating voxel database from 'C:/Users/S/Documents/GitHub/UnityRobotLearning/Assets/StreamingAssets/Cubiquity/VoxelDatabases/7C8FAAF4.vdb'
[17:01:30, Info   ]: Creating voxel database from 'C:/Users/S/Documents/GitHub/UnityRobotLearning/Assets/StreamingAssets/Cubiquity/VoxelDatabases/7C8FAAF4.vdb'
[17:01:39, Info   ]: Creating voxel database from 'C:/Users/S/Documents/GitHub/UnityRobotLearning/Assets/StreamingAssets/Cubiquity/VoxelDatabases/7C8FAAF4.vdb'
[17:02:06, Info   ]: Creating voxel database from 'C:/Users/S/Documents/GitHub/UnityRobotLearning/Assets/StreamingAssets/Cubiquity/VoxelDatabases/7C8FAAF4.vdb'
[17:06:10, Info   ]: Creating voxel database from 'C:/Users/S/Documents/GitHub/UnityRobotLearning/Assets/StreamingAssets/Cubiquity/VoxelDatabases/7C8FAAF4.vdb'
[17:06:19, Info   ]: Creating voxel database from 'C:/Users/S/Documents/GitHub/UnityRobotLearning/Assets/StreamingAssets/Cubiquity/VoxelDatabases/7C8FAAF4.vdb'
[17:06:30, Info   ]: Creating voxel database from 'C:/Users/S/Documents/GitHub/UnityRobotLearning/Assets/StreamingAssets/Cubiquity/VoxelDatabases/7C8FAAF4.vdb'
[17:12:13, Info   ]: Creating voxel database from 'C:/Users/S/Documents/GitHub/UnityRobotLearning/Assets/StreamingAssets/Cubiquity/VoxelDatabases/7C8FAAF4.vdb'
[17:12:19, Info   ]: Creating voxel database from 'C:/Users/S/Documents/GitHub/UnityRobotLearning/Assets/StreamingAssets/Cubiquity/VoxelDatabases/7C8FAAF4.vdb'
[17:12:21, Info   ]: Creating voxel database from 'C:/Users/S/Documents/GitHub/UnityRobotLearning/Assets/StreamingAssets/Cubiquity/VoxelDatabases/7C8FAAF4.vdb'
[17:12:26, Info   ]: Creating voxel database from 'C:/Users/S/Documents/GitHub/UnityRobotLearning/Assets/StreamingAssets/Cubiquity/VoxelDatabases/7C8FAAF4.vdb'
[17:12:28, Info   ]: Creating voxel database from 'C:/Users/S/Documents/GitHub/UnityRobotLearning/Assets/StreamingAssets/Cubiquity/VoxelDatabases/7C8FAAF4.vdb'
[17:19:11, Info   ]: Creating voxel database from 'C:/Users/S/Documents/GitHub/UnityRobotLearning/Assets/StreamingAssets/Cubiquity/VoxelDatabases/7C8FAAF4.vdb'
[17:19:24, Info   ]: Creating voxel database from 'C:/Users/S/Documents/GitHub/UnityRobotLearning/Assets/StreamingAssets/Cubiquity/VoxelDatabases/7C8FAAF4.vdb'
[17:19:28, Info   ]: Creating voxel database from 'C:/Users/S/Documents/GitHub/UnityRobotLearning/Assets/StreamingAssets/Cubiquity/VoxelDatabases/7C8FAAF4.vdb'
[17:20:21, Info   ]: Creating voxel database from 'C:/Users/S/Documents/GitHub/UnityRobotLearning/Assets/StreamingAssets/Cubiquity/VoxelDatabases/7C8FAAF4.vdb'
[17:20:24, Info   ]: Creating voxel database from 'C:/Users/S/Documents/GitHub/UnityRobotLearning/Assets/StreamingAssets/Cubiquity/VoxelDatabases/7C8FAAF4.vdb'
[17:20:29, Info   ]: Creating voxel database from 'C:/Users/S/Documents/GitHub/UnityRobotLearning/Assets/StreamingAssets/Cubiquity/VoxelDatabases/7C8FAAF4.vdb'
[17:21:07, Info   ]: Creating voxel database from 'C:/Users/S/Documents/GitHub/UnityRobotLearning/Assets/StreamingAssets/Cubiquity/VoxelDatabases/7C8FAAF4.vdb'
[17:21:11, Info   ]: Creating voxel database from 'C:/Users/S/Documents/GitHub/UnityRobotLearning/Assets/StreamingAssets/Cubiquity/VoxelDatabases/7C8FAAF4.vdb'
[17:21:55, Info   ]: Creating voxel database from 'C:/Users/S/Documents/GitHub/UnityRobotLearning/Assets/StreamingAssets/Cubiquity/VoxelDatabases/7C8FAAF4.vdb'
[17:22:09, Info   ]: Creating voxel database from 'C:/Users/S/Documents/GitHub/UnityRobotLearning/Assets/StreamingAssets/Cubiquity/VoxelDatabases/7C8FAAF4.vdb'
[17:22:19, Info   ]: Creating voxel database from 'C:/Users/S/Documents/GitHub/UnityRobotLearning/Assets/StreamingAssets/Cubiquity/VoxelDatabases/7C8FAAF4.vdb'
[17:22:28, Info   ]: Creating voxel database from 'C:/Users/S/Documents/GitHub/UnityRobotLearning/Assets/StreamingAssets/Cubiquity/VoxelDatabases/7C8FAAF4.vdb'
[17:23:16, Info   ]: Creating voxel database from 'C:/Users/S/Documents/GitHub/UnityRobotLearning/Assets/StreamingAssets/Cubiquity/VoxelDatabases/7C8FAAF4.vdb'
[17:23:34, Info   ]: Creating voxel database from 'C:/Users/S/Documents/GitHub/UnityRobotLearning/Assets/StreamingAssets/Cubiquity/VoxelDatabases/7C8FAAF4.vdb'
[17:23:34, Info   ]: Creating voxel database from 'C:/Users/S/Documents/GitHub/UnityRobotLearning/Assets/StreamingAssets/Cubiquity/VoxelDatabases/7C8FAAF4.vdb'
[17:23:36, Info   ]: Creating voxel database from 'C:/Users/S/Documents/GitHub/UnityRobotLearning/Assets/StreamingAssets/Cubiquity/VoxelDatabases/7C8FAAF4.vdb'
[17:23:41, Info   ]: Creating voxel database from 'C:/Users/S/Documents/GitHub/UnityRobotLearning/Assets/StreamingAssets/Cubiquity/VoxelDatabases/7C8FAAF4.vdb'
[17:24:21, Info   ]: Creating voxel database from 'C:/Users/S/Documents/GitHub/UnityRobotLearning/Assets/StreamingAssets/Cubiquity/VoxelDatabases/7C8FAAF4.vdb'
[17:24:31, Info   ]: Creating voxel database from 'C:/Users/S/Documents/GitHub/UnityRobotLearning/Assets/StreamingAssets/Cubiquity/VoxelDatabases/7C8FAAF4.vdb'
[18:02:42, Info   ]: Creating voxel database from 'C:/Users/S/Documents/GitHub/UnityRobotLearning/Assets/StreamingAssets/Cubiquity/VoxelDatabases/7C8FAAF4.vdb'
[18:02:49, Info   ]: Creating voxel database from 'C:/Users/S/Documents/GitHub/UnityRobotLearning/Assets/StreamingAssets/Cubiquity/VoxelDatabases/7C8FAAF4.vdb'
[18:02:51, Info   ]: Creating voxel database from 'C:/Users/S/Documents/GitHub/UnityRobotLearning/Assets/StreamingAssets/Cubiquity/VoxelDatabases/7C8FAAF4.vdb'
[18:02:52, Info   ]: Creating voxel database from 'C:/Users/S/Documents/GitHub/UnityRobotLearning/Assets/StreamingAssets/Cubiquity/VoxelDatabases/7C8FAAF4.vdb'
[18:03:09, Info   ]: Creating voxel database from 'C:/Users/S/Documents/GitHub/UnityRobotLearning/Assets/StreamingAssets/Cubiquity/VoxelDatabases/7C8FAAF4.vdb'
[18:03:12, Info   ]: Creating voxel database from 'C:/Users/S/Documents/GitHub/UnityRobotLearning/Assets/StreamingAssets/Cubiquity/VoxelDatabases/7C8FAAF4.vdb'
[18:03:21, Info   ]: Creating voxel database from 'C:/Users/S/Documents/GitHub/UnityRobotLearning/Assets/StreamingAssets/Cubiquity/VoxelDatabases/7C8FAAF4.vdb'
[18:04:02, Info   ]: Creating voxel database from 'C:/Users/S/Documents/GitHub/UnityRobotLearning/Assets/StreamingAssets/Cubiquity/VoxelDatabases/7C8FAAF4.vdb'
[18:04:12, Info   ]: Creating voxel database from 'C:/Users/S/Documents/GitHub/UnityRobotLearning/Assets/StreamingAssets/Cubiquity/VoxelDatabases/7C8FAAF4.vdb'
[18:04:21, Info   ]: Creating voxel database from 'C:/Users/S/Documents/GitHub/UnityRobotLearning/Assets/StreamingAssets/Cubiquity/VoxelDatabases/7C8FAAF4.vdb'
[18:04:31, Info   ]: Creating voxel database from 'C:/Users/S/Documents/GitHub/UnityRobotLearning/Assets/StreamingAssets/Cubiquity/VoxelDatabases/7C8FAAF4.vdb'
[18:04:50, Info   ]: Creating voxel database from 'C:/Users/S/Documents/GitHub/UnityRobotLearning/Assets/StreamingAssets/Cubiquity/VoxelDatabases/7C8FAAF4.vdb'
[18:04:56, Info   ]: Creating voxel database from 'C:/Users/S/Documents/GitHub/UnityRobotLearning/Assets/StreamingAssets/Cubiquity/VoxelDatabases/7C8FAAF4.vdb'
[18:05:08, Info   ]: Creating voxel database from 'C:/Users/S/Documents/GitHub/UnityRobotLearning/Assets/StreamingAssets/Cubiquity/VoxelDatabases/7C8FAAF4.vdb'
[18:05:14, Info   ]: Creating voxel database from 'C:/Users/S/Documents/GitHub/UnityRobotLearning/Assets/StreamingAssets/Cubiquity/VoxelDatabases/7C8FAAF4.vdb'
[18:05:25, Info   ]: Creating voxel database from 'C:/Users/S/Documents/GitHub/UnityRobotLearning/Assets/StreamingAssets/Cubiquity/VoxelDatabases/7C8FAAF4.vdb'
[18:05:30, Info   ]: Creating voxel database from 'C:/Users/S/Documents/GitHub/UnityRobotLearning/Assets/StreamingAssets/Cubiquity/VoxelDatabases/7C8FAAF4.vdb'
[18:06:15, Info   ]: Creating voxel database from 'C:/Users/S/Documents/GitHub/UnityRobotLearning/Assets/StreamingAssets/Cubiquity/VoxelDatabases/7C8FAAF4.vdb'
[18:06:25, Info   ]: Creating voxel database from 'C:/Users/S/Documents/GitHub/UnityRobotLearning/Assets/StreamingAssets/Cubiquity/VoxelDatabases/7C8FAAF4.vdb'
[18:07:08, Info   ]: Creating voxel database from 'C:/Users/S/Documents/GitHub/UnityRobotLearning/Assets/StreamingAssets/Cubiquity/VoxelDatabases/7C8FAAF4.vdb'
[18:07:18, Info   ]: Creating voxel database from 'C:/Users/S/Documents/GitHub/UnityRobotLearning/Assets/StreamingAssets/Cubiquity/VoxelDatabases/7C8FAAF4.vdb'
[18:07:45, Info   ]: Creating voxel database from 'C:/Users/S/Documents/GitHub/UnityRobotLearning/Assets/StreamingAssets/Cubiquity/VoxelDatabases/7C8FAAF4.vdb'
[18:08:02, Info   ]: Creating voxel database from 'C:/Users/S/Documents/GitHub/UnityRobotLearning/Assets/StreamingAssets/Cubiquity/VoxelDatabases/7C8FAAF4.vdb'
[18:08:46, Info   ]: Creating voxel database from 'C:/Users/S/Documents/GitHub/UnityRobotLearning/Assets/StreamingAssets/Cubiquity/VoxelDatabases/7C8FAAF4.vdb'
[18:08:49, Info   ]: Creating voxel database from 'C:/Users/S/Documents/GitHub/UnityRobotLearning/Assets/StreamingAssets/Cubiquity/VoxelDatabases/7C8FAAF4.vdb'
[18:08:57, Info   ]: Creating voxel database from 'C:/Users/S/Documents/GitHub/UnityRobotLearning/Assets/StreamingAssets/Cubiquity/VoxelDatabases/7C8FAAF4.vdb'
[18:09:33, Info   ]: Creating voxel database from 'C:/Users/S/Documents/GitHub/UnityRobotLearning/Assets/StreamingAssets/Cubiquity/VoxelDatabases/7C8FAAF4.vdb'
[18:09:43, Info   ]: Creating voxel database from 'C:/Users/S/Documents/GitHub/UnityRobotLearning/Assets/StreamingAssets/Cubiquity/VoxelDatabases/7C8FAAF4.vdb'
[18:09:46, Info   ]: Creating voxel database from 'C:/Users/S/Documents/GitHub/UnityRobotLearning/Assets/StreamingAssets/Cubiquity/VoxelDatabases/7C8FAAF4.vdb'
[18:09:55, Info   ]: Creating voxel database from 'C:/Users/S/Documents/GitHub/UnityRobotLearning/Assets/StreamingAssets/Cubiquity/VoxelDatabases/7C8FAAF4.vdb'
[18:10:19, Info   ]: Creating voxel database from 'C:/Users/S/Documents/GitHub/UnityRobotLearning/Assets/StreamingAssets/Cubiquity/VoxelDatabases/7C8FAAF4.vdb'
[18:10:34, Info   ]: Creating voxel database from 'C:/Users/S/Documents/GitHub/UnityRobotLearning/Assets/StreamingAssets/Cubiquity/VoxelDatabases/7C8FAAF4.vdb'
[18:11:38, Info   ]: Creating voxel database from 'C:/Users/S/Documents/GitHub/UnityRobotLearning/Assets/StreamingAssets/Cubiquity/VoxelDatabases/7C8FAAF4.vdb'
[18:11:50, Info   ]: Creating voxel database from 'C:/Users/S/Documents/GitHub/UnityRobotLearning/Assets/StreamingAssets/Cubiquity/VoxelDatabases/7C8FAAF4.vdb'
[18:12:03, Info   ]: Creating voxel database from 'C:/Users/S/Documents/GitHub/UnityRobotLearning/Assets/StreamingAssets/Cubiquity/VoxelDatabases/7C8FAAF4.vdb'
[18:12:15, Info   ]: Creating voxel database from 'C:/Users/S/Documents/GitHub/UnityRobotLearning/Assets/StreamingAssets/Cubiquity/VoxelDatabases/7C8FAAF4.vdb'
[18:13:14, Info   ]: Creating voxel database from 'C:/Users/S/Documents/GitHub/UnityRobotLearning/Assets/StreamingAssets/Cubiquity/VoxelDatabases/7C8FAAF4.vdb'
[18:15:10, Info   ]: Creating voxel database from 'C:/Users/S/Documents/GitHub/UnityRobotLearning/Assets/StreamingAssets/Cubiquity/VoxelDatabases/7C8FAAF4.vdb'
[18:15:13, Info   ]: Creating voxel database from 'C:/Users/S/Documents/GitHub/UnityRobotLearning/Assets/StreamingAssets/Cubiquity/VoxelDatabases/7C8FAAF4.vdb'
[18:15:17, Info   ]: Creating voxel database from 'C:/Users/S/Documents/GitHub/UnityRobotLearning/Assets/StreamingAssets/Cubiquity/VoxelDatabases/7C8FAAF4.vdb'
[18:15:35, Info   ]: Creating voxel database from 'C:/Users/S/Documents/GitHub/UnityRobotLearning/Assets/StreamingAssets/Cubiquity/VoxelDatabases/7C8FAAF4.vdb'
[18:15:37, Info   ]: Creating voxel database from 'C:/Users/S/Documents/GitHub/UnityRobotLearning/Assets/StreamingAssets/Cubiquity/VoxelDatabases/7C8FAAF4.vdb'
[18:15:39, Info   ]: Creating voxel database from 'C:/Users/S/Documents/GitHub/UnityRobotLearning/Assets/StreamingAssets/Cubiquity/VoxelDatabases/7C8FAAF4.vdb'
[18:15:53, Info   ]: Creating voxel database from 'C:/Users/S/Documents/GitHub/UnityRobotLearning/Assets/StreamingAssets/Cubiquity/VoxelDatabases/7C8FAAF4.vdb'
[18:15:55, Info   ]: Creating voxel database from 'C:/Users/S/Documents/GitHub/UnityRobotLearning/Assets/StreamingAssets/Cubiquity/VoxelDatabases/7C8FAAF4.vdb'
[18:15:57, Info   ]: Creating voxel database from 'C:/Users/S/Documents/GitHub/UnityRobotLearning/Assets/StreamingAssets/Cubiquity/VoxelDatabases/7C8FAAF4.vdb'
[18:18:22, Info   ]: Creating voxel database from 'C:/Users/S/Documents/GitHub/UnityRobotLearning/Assets/StreamingAssets/Cubiquity/VoxelDatabases/7C8FAAF4.vdb'
[18:18:26, Info   ]: Creating voxel database from 'C:/Users/S/Documents/GitHub/UnityRobotLearning/Assets/StreamingAssets/Cubiquity/VoxelDatabases/7C8FAAF4.vdb'
[18:18:39, Info   ]: Creating voxel database from 'C:/Users/S/Documents/GitHub/UnityRobotLearning/Assets/StreamingAssets/Cubiquity/VoxelDatabases/7C8FAAF4.vdb'
[18:18:43, Info   ]: Creating voxel database from 'C:/Users/S/Documents/GitHub/UnityRobotLearning/Assets/StreamingAssets/Cubiquity/VoxelDatabases/7C8FAAF4.vdb'
[18:18:53, Info   ]: Creating voxel database from 'C:/Users/S/Documents/GitHub/UnityRobotLearning/Assets/StreamingAssets/Cubiquity/VoxelDatabases/7C8FAAF4.vdb'
[18:23:35, Info   ]: Creating voxel database from 'C:/Users/S/Documents/GitHub/UnityRobotLearning/Assets/StreamingAssets/Cubiquity/VoxelDatabases/7C8FAAF4.vdb'
[18:23:52, Info   ]: Creating voxel database from 'C:/Users/S/Documents/GitHub/UnityRobotLearning/Assets/StreamingAssets/Cubiquity/VoxelDatabases/7C8FAAF4.vdb'
[18:24:03, Info   ]: Creating voxel database from 'C:/Users/S/Documents/GitHub/UnityRobotLearning/Assets/StreamingAssets/Cubiquity/VoxelDatabases/7C8FAAF4.vdb'
[18:29:30, Info   ]: Creating voxel database from 'C:/Users/S/Documents/GitHub/UnityRobotLearning/Assets/StreamingAssets/Cubiquity/VoxelDatabases/7C8FAAF4.vdb'
[18:30:11, Info   ]: Creating voxel database from 'C:/Users/S/Documents/GitHub/UnityRobotLearning/Assets/StreamingAssets/Cubiquity/VoxelDatabases/7C8FAAF4.vdb'
[18:31:12, Info   ]: Resizing compressed data buffer to 144307bytes. This should only happen once
[18:31:13, Info   ]: Creating voxel database from 'C:/Users/S/Documents/GitHub/UnityRobotLearning/Assets/StreamingAssets/Cubiquity/VoxelDatabases/7C8FAAF4.vdb'
[18:31:23, Info   ]: Creating voxel database from 'C:/Users/S/Documents/GitHub/UnityRobotLearning/Assets/StreamingAssets/Cubiquity/VoxelDatabases/7C8FAAF4.vdb'
[18:33:51, Info   ]: Creating voxel database from 'C:/Users/S/Documents/GitHub/UnityRobotLearning/Assets/StreamingAssets/Cubiquity/VoxelDatabases/7C8FAAF4.vdb'
[18:35:06, Info   ]: Creating voxel database from 'C:/Users/S/Documents/GitHub/UnityRobotLearning/Assets/StreamingAssets/Cubiquity/VoxelDatabases/7C8FAAF4.vdb'
[18:35:10, Info   ]: Creating voxel database from 'C:/Users/S/Documents/GitHub/UnityRobotLearning/Assets/StreamingAssets/Cubiquity/VoxelDatabases/7C8FAAF4.vdb'
[18:38:08, Info   ]: Creating voxel database from 'C:/Users/S/Documents/GitHub/UnityRobotLearning/Assets/StreamingAssets/Cubiquity/VoxelDatabases/7C8FAAF4.vdb'
[18:38:09, Info   ]: Creating voxel database from 'C:/Users/S/Documents/GitHub/UnityRobotLearning/Assets/StreamingAssets/Cubiquity/VoxelDatabases/7C8FAAF4.vdb'
[18:38:14, Info   ]: Creating voxel database from 'C:/Users/S/Documents/GitHub/UnityRobotLearning/Assets/StreamingAssets/Cubiquity/VoxelDatabases/7C8FAAF4.vdb'
[18:38:19, Info   ]: Creating voxel database from 'C:/Users/S/Documents/GitHub/UnityRobotLearning/Assets/StreamingAssets/Cubiquity/VoxelDatabases/7C8FAAF4.vdb'
[18:38:42, Info   ]: Creating voxel database from 'C:/Users/S/Documents/GitHub/UnityRobotLearning/Assets/StreamingAssets/Cubiquity/VoxelDatabases/7C8FAAF4.vdb'
[18:38:51, Info   ]: Creating voxel database from 'C:/Users/S/Documents/GitHub/UnityRobotLearning/Assets/StreamingAssets/Cubiquity/VoxelDatabases/7C8FAAF4.vdb'
[18:40:38, Info   ]: Creating voxel database from 'C:/Users/S/Documents/GitHub/UnityRobotLearning/Assets/StreamingAssets/Cubiquity/VoxelDatabases/7C8FAAF4.vdb'
[18:40:40, Info   ]: Creating voxel database from 'C:/Users/S/Documents/GitHub/UnityRobotLearning/Assets/StreamingAssets/Cubiquity/VoxelDatabases/7C8FAAF4.vdb'
[18:41:07, Info   ]: Creating voxel database from 'C:/Users/S/Documents/GitHub/UnityRobotLearning/Assets/StreamingAssets/Cubiquity/VoxelDatabases/7C8FAAF4.vdb'
[18:41:14, Info   ]: Creating voxel database from 'C:/Users/S/Documents/GitHub/UnityRobotLearning/Assets/StreamingAssets/Cubiquity/VoxelDatabases/7C8FAAF4.vdb'
[18:41:24, Info   ]: Creating voxel database from 'C:/Users/S/Documents/GitHub/UnityRobotLearning/Assets/StreamingAssets/Cubiquity/VoxelDatabases/7C8FAAF4.vdb'
[18:41:28, Info   ]: Creating voxel database from 'C:/Users/S/Documents/GitHub/UnityRobotLearning/Assets/StreamingAssets/Cubiquity/VoxelDatabases/7C8FAAF4.vdb'
[18:41:47, Info   ]: Creating voxel database from 'C:/Users/S/Documents/GitHub/UnityRobotLearning/Assets/StreamingAssets/Cubiquity/VoxelDatabases/7C8FAAF4.vdb'
[18:41:52, Info   ]: Creating voxel database from 'C:/Users/S/Documents/GitHub/UnityRobotLearning/Assets/StreamingAssets/Cubiquity/VoxelDatabases/7C8FAAF4.vdb'
[18:41:59, Info   ]: Creating voxel database from 'C:/Users/S/Documents/GitHub/UnityRobotLearning/Assets/StreamingAssets/Cubiquity/VoxelDatabases/7C8FAAF4.vdb'
[18:42:07, Info   ]: Creating voxel database from 'C:/Users/S/Documents/GitHub/UnityRobotLearning/Assets/StreamingAssets/Cubiquity/VoxelDatabases/7C8FAAF4.vdb'
[18:53:01, Info   ]: Creating voxel database from 'C:/Users/S/Documents/GitHub/UnityRobotLearning/Assets/StreamingAssets/Cubiquity/VoxelDatabases/7C8FAAF4.vdb'
[18:56:55, Info   ]: Creating voxel database from 'C:/Users/S/Documents/GitHub/UnityRobotLearning/Assets/StreamingAssets/Cubiquity/VoxelDatabases/7C8FAAF4.vdb'
[18:58:04, Info   ]: Creating voxel database from 'C:/Users/S/Documents/GitHub/UnityRobotLearning/Assets/StreamingAssets/Cubiquity/VoxelDatabases/7C8FAAF4.vdb'
[19:01:34, Info   ]: Creating voxel database from 'C:/Users/S/Documents/GitHub/UnityRobotLearning/Assets/StreamingAssets/Cubiquity/VoxelDatabases/7C8FAAF4.vdb'
[19:12:41, Info   ]: Creating voxel database from 'C:/Users/S/Documents/GitHub/UnityRobotLearning/Assets/StreamingAssets/Cubiquity/VoxelDatabases/7C8FAAF4.vdb'
[19:13:57, Info   ]: Creating voxel database from 'C:/Users/S/Documents/GitHub/UnityRobotLearning/Assets/StreamingAssets/Cubiquity/VoxelDatabases/7C8FAAF4.vdb'
[19:14:55, Info   ]: Creating voxel database from 'C:/Users/S/Documents/GitHub/UnityRobotLearning/Assets/StreamingAssets/Cubiquity/VoxelDatabases/7C8FAAF4.vdb'
[19:15:40, Info   ]: Creating voxel database from 'C:/Users/S/Documents/GitHub/UnityRobotLearning/Assets/StreamingAssets/Cubiquity/VoxelDatabases/7C8FAAF4.vdb'
[19:15:53, Info   ]: Creating voxel database from 'C:/Users/S/Documents/GitHub/UnityRobotLearning/Assets/StreamingAssets/Cubiquity/VoxelDatabases/7C8FAAF4.vdb'
[19:15:55, Info   ]: Creating voxel database from 'C:/Users/S/Documents/GitHub/UnityRobotLearning/Assets/StreamingAssets/Cubiquity/VoxelDatabases/7C8FAAF4.vdb'
[19:15:58, Info   ]: Creating voxel database from 'C:/Users/S/Documents/GitHub/UnityRobotLearning/Assets/StreamingAssets/Cubiquity/VoxelDatabases/7C8FAAF4.vdb'
[19:16:37, Info   ]: Creating voxel database from 'C:/Users/S/Documents/GitHub/UnityRobotLearning/Assets/StreamingAssets/Cubiquity/VoxelDatabases/7C8FAAF4.vdb'
[19:16:39, Info   ]: Creating voxel database from 'C:/Users/S/Documents/GitHub/UnityRobotLearning/Assets/StreamingAssets/Cubiquity/VoxelDatabases/7C8FAAF4.vdb'
[19:16:40, Info   ]: Creating voxel database from 'C:/Users/S/Documents/GitHub/UnityRobotLearning/Assets/StreamingAssets/Cubiquity/VoxelDatabases/7C8FAAF4.vdb'
[19:21:18, Info   ]: Creating voxel database from 'C:/Users/S/Documents/GitHub/UnityRobotLearning/Assets/StreamingAssets/Cubiquity/VoxelDatabases/7C8FAAF4.vdb'
[19:21:40, Info   ]: Creating voxel database from 'C:/Users/S/Documents/GitHub/UnityRobotLearning/Assets/StreamingAssets/Cubiquity/VoxelDatabases/7C8FAAF4.vdb'
[19:21:46, Info   ]: Creating voxel database from 'C:/Users/S/Documents/GitHub/UnityRobotLearning/Assets/StreamingAssets/Cubiquity/VoxelDatabases/7C8FAAF4.vdb'
[19:21:54, Info   ]: Creating voxel database from 'C:/Users/S/Documents/GitHub/UnityRobotLearning/Assets/StreamingAssets/Cubiquity/VoxelDatabases/7C8FAAF4.vdb'
[19:22:04, Info   ]: Creating voxel database from 'C:/Users/S/Documents/GitHub/UnityRobotLearning/Assets/StreamingAssets/Cubiquity/VoxelDatabases/7C8FAAF4.vdb'
[19:22:09, Info   ]: Creating voxel database from 'C:/Users/S/Documents/GitHub/UnityRobotLearning/Assets/StreamingAssets/Cubiquity/VoxelDatabases/7C8FAAF4.vdb'
[19:24:18, Info   ]: Creating voxel database from 'C:/Users/S/Documents/GitHub/UnityRobotLearning/Assets/StreamingAssets/Cubiquity/VoxelDatabases/7C8FAAF4.vdb'
[19:24:22, Info   ]: Creating voxel database from 'C:/Users/S/Documents/GitHub/UnityRobotLearning/Assets/StreamingAssets/Cubiquity/VoxelDatabases/7C8FAAF4.vdb'
[19:25:26, Info   ]: Creating voxel database from 'C:/Users/S/Documents/GitHub/UnityRobotLearning/Assets/StreamingAssets/Cubiquity/VoxelDatabases/7C8FAAF4.vdb'
[19:25:52, Info   ]: Creating voxel database from 'C:/Users/S/Documents/GitHub/UnityRobotLearning/Assets/StreamingAssets/Cubiquity/VoxelDatabases/7C8FAAF4.vdb'
[19:26:20, Info   ]: Creating voxel database from 'C:/Users/S/Documents/GitHub/UnityRobotLearning/Assets/StreamingAssets/Cubiquity/VoxelDatabases/7C8FAAF4.vdb'
[19:26:28, Info   ]: Creating voxel database from 'C:/Users/S/Documents/GitHub/UnityRobotLearning/Assets/StreamingAssets/Cubiquity/VoxelDatabases/7C8FAAF4.vdb'
[19:26:37, Info   ]: Creating voxel database from 'C:/Users/S/Documents/GitHub/UnityRobotLearning/Assets/StreamingAssets/Cubiquity/VoxelDatabases/7C8FAAF4.vdb'
[19:27:11, Info   ]: Creating voxel database from 'C:/Users/S/Documents/GitHub/UnityRobotLearning/Assets/StreamingAssets/Cubiquity/VoxelDatabases/7C8FAAF4.vdb'
[19:27:12, Info   ]: Creating voxel database from 'C:/Users/S/Documents/GitHub/UnityRobotLearning/Assets/StreamingAssets/Cubiquity/VoxelDatabases/7C8FAAF4.vdb'
[19:27:14, Info   ]: Creating voxel database from 'C:/Users/S/Documents/GitHub/UnityRobotLearning/Assets/StreamingAssets/Cubiquity/VoxelDatabases/7C8FAAF4.vdb'
[19:27:18, Info   ]: Creating voxel database from 'C:/Users/S/Documents/GitHub/UnityRobotLearning/Assets/StreamingAssets/Cubiquity/VoxelDatabases/7C8FAAF4.vdb'
[19:28:43, Info   ]: Creating voxel database from 'C:/Users/S/Documents/GitHub/UnityRobotLearning/Assets/StreamingAssets/Cubiquity/VoxelDatabases/7C8FAAF4.vdb'
[19:28:44, Info   ]: Creating voxel database from 'C:/Users/S/Documents/GitHub/UnityRobotLearning/Assets/StreamingAssets/Cubiquity/VoxelDatabases/7C8FAAF4.vdb'
[19:30:57, Info   ]: Creating voxel database from 'C:/Users/S/Documents/GitHub/UnityRobotLearning/Assets/StreamingAssets/Cubiquity/VoxelDatabases/7C8FAAF4.vdb'
[19:32:37, Info   ]: Creating voxel database from 'C:/Users/S/Documents/GitHub/UnityRobotLearning/Assets/StreamingAssets/Cubiquity/VoxelDatabases/7C8FAAF4.vdb'
[19:33:00, Info   ]: Creating voxel database from 'C:/Users/S/Documents/GitHub/UnityRobotLearning/Assets/StreamingAssets/Cubiquity/VoxelDatabases/7C8FAAF4.vdb'
[19:33:01, Info   ]: Creating voxel database from 'C:/Users/S/Documents/GitHub/UnityRobotLearning/Assets/StreamingAssets/Cubiquity/VoxelDatabases/7C8FAAF4.vdb'
[19:34:47, Info   ]: Creating voxel database from 'C:/Users/S/Documents/GitHub/UnityRobotLearning/Assets/StreamingAssets/Cubiquity/VoxelDatabases/7C8FAAF4.vdb'
[19:36:11, Info   ]: Creating voxel database from 'C:/Users/S/Documents/GitHub/UnityRobotLearning/Assets/StreamingAssets/Cubiquity/VoxelDatabases/7C8FAAF4.vdb'
[19:36:14, Info   ]: Creating voxel database from 'C:/Users/S/Documents/GitHub/UnityRobotLearning/Assets/StreamingAssets/Cubiquity/VoxelDatabases/7C8FAAF4.vdb'
[19:36:15, Info   ]: Creating voxel database from 'C:/Users/S/Documents/GitHub/UnityRobotLearning/Assets/StreamingAssets/Cubiquity/VoxelDatabases/7C8FAAF4.vdb'
[19:36:20, Info   ]: Creating voxel database from 'C:/Users/S/Documents/GitHub/UnityRobotLearning/Assets/StreamingAssets/Cubiquity/VoxelDatabases/7C8FAAF4.vdb'
[19:38:03, Info   ]: Creating voxel database from 'C:/Users/S/Documents/GitHub/UnityRobotLearning/Assets/StreamingAssets/Cubiquity/VoxelDatabases/7C8FAAF4.vdb'
[19:39:14, Info   ]: Creating voxel database from 'C:/Users/S/Documents/GitHub/UnityRobotLearning/Assets/StreamingAssets/Cubiquity/VoxelDatabases/7C8FAAF4.vdb'
[19:39:16, Info   ]: Creating voxel database from 'C:/Users/S/Documents/GitHub/UnityRobotLearning/Assets/StreamingAssets/Cubiquity/VoxelDatabases/7C8FAAF4.vdb'
[19:39:53, Info   ]: Creating voxel database from 'C:/Users/S/Documents/GitHub/UnityRobotLearning/Assets/StreamingAssets/Cubiquity/VoxelDatabases/7C8FAAF4.vdb'
[19:39:57, Info   ]: Creating voxel database from 'C:/Users/S/Documents/GitHub/UnityRobotLearning/Assets/StreamingAssets/Cubiquity/VoxelDatabases/7C8FAAF4.vdb'
[19:41:54, Info   ]: Creating voxel database from 'C:/Users/S/Documents/GitHub/UnityRobotLearning/Assets/StreamingAssets/Cubiquity/VoxelDatabases/7C8FAAF4.vdb'
[19:41:57, Info   ]: Creating voxel database from 'C:/Users/S/Documents/GitHub/UnityRobotLearning/Assets/StreamingAssets/Cubiquity/VoxelDatabases/7C8FAAF4.vdb'
[19:42:18, Info   ]: Creating voxel database from 'C:/Users/S/Documents/GitHub/UnityRobotLearning/Assets/StreamingAssets/Cubiquity/VoxelDatabases/7C8FAAF4.vdb'
[19:42:20, Info   ]: Creating voxel database from 'C:/Users/S/Documents/GitHub/UnityRobotLearning/Assets/StreamingAssets/Cubiquity/VoxelDatabases/7C8FAAF4.vdb'
[19:42:40, Info   ]: Creating voxel database from 'C:/Users/S/Documents/GitHub/UnityRobotLearning/Assets/StreamingAssets/Cubiquity/VoxelDatabases/7C8FAAF4.vdb'
********************************************************************************
*                             Shutting down Cubiquity                          *
********************************************************************************

